composeApp/build/intermediates/manifest_merge_blame_file/debug/processDebugMainManifest/manifest-merger-blame-debug-report.txt
1<?xml version="1.0" encoding="utf-8"?>
2<manifest xmlns:android="http://schemas.android.com/apk/res/android"
3    package="com.yangcy.gofish"
4    android:versionCode="1"
5    android:versionName="1.0" >
6
7    <uses-sdk
7-->INJECTED
8        android:minSdkVersion="24"
8-->INJECTED
9        android:targetSdkVersion="36" />
9-->INJECTED
10
11    <uses-permission android:name="android.permission.INTERNET" />
11-->src/androidMain/AndroidManifest.xml:5:5-67
11-->src/androidMain/AndroidManifest.xml:5:22-64
12    <uses-permission android:name="android.permission.ACCESS_FINE_LOCATION" />
12-->src/androidMain/AndroidManifest.xml:6:5-79
12-->src/androidMain/AndroidManifest.xml:6:22-76
13    <uses-permission android:name="android.permission.ACCESS_COARSE_LOCATION" />
13-->src/androidMain/AndroidManifest.xml:7:5-81
13-->src/androidMain/AndroidManifest.xml:7:22-78
14    <!-- AMap Specific Permissions -->
15    <uses-permission android:name="android.permission.ACCESS_NETWORK_STATE" />
15-->src/androidMain/AndroidManifest.xml:9:5-79
15-->src/androidMain/AndroidManifest.xml:9:22-76
16    <uses-permission android:name="android.permission.ACCESS_WIFI_STATE" />
16-->src/androidMain/AndroidManifest.xml:10:5-76
16-->src/androidMain/AndroidManifest.xml:10:22-73
17    <uses-permission android:name="android.permission.CHANGE_WIFI_STATE" />
17-->src/androidMain/AndroidManifest.xml:11:5-76
17-->src/androidMain/AndroidManifest.xml:11:22-73
18    <uses-permission android:name="android.permission.READ_PHONE_STATE" />
18-->src/androidMain/AndroidManifest.xml:12:5-75
18-->src/androidMain/AndroidManifest.xml:12:22-72
19    <uses-permission android:name="android.permission.WRITE_EXTERNAL_STORAGE" />
19-->src/androidMain/AndroidManifest.xml:13:5-81
19-->src/androidMain/AndroidManifest.xml:13:22-78
20    <uses-permission android:name="android.permission.ACCESS_LOCATION_EXTRA_COMMANDS" />
20-->src/androidMain/AndroidManifest.xml:14:5-89
20-->src/androidMain/AndroidManifest.xml:14:22-86
21    <!-- Added to resolve SecurityException in some environments -->
22    <uses-permission android:name="android.permission.WRITE_SETTINGS" />
22-->src/androidMain/AndroidManifest.xml:16:5-109
22-->src/androidMain/AndroidManifest.xml:16:22-70
23
24    <!-- Umeng Required Permissions -->
25    <uses-permission android:name="android.permission.READ_PHONE_STATE" />
25-->src/androidMain/AndroidManifest.xml:12:5-75
25-->src/androidMain/AndroidManifest.xml:12:22-72
26    <uses-permission android:name="android.permission.ACCESS_NETWORK_STATE" />
26-->src/androidMain/AndroidManifest.xml:9:5-79
26-->src/androidMain/AndroidManifest.xml:9:22-76
27    <uses-permission android:name="android.permission.ACCESS_WIFI_STATE" />
27-->src/androidMain/AndroidManifest.xml:10:5-76
27-->src/androidMain/AndroidManifest.xml:10:22-73
28
29    <permission
29-->[androidx.core:core:1.18.0] AndroidManifest.xml:22:5-24:47
30        android:name="com.yangcy.gofish.DYNAMIC_RECEIVER_NOT_EXPORTED_PERMISSION"
30-->[androidx.core:core:1.18.0] AndroidManifest.xml:23:9-81
31        android:protectionLevel="signature" />
31-->[androidx.core:core:1.18.0] AndroidManifest.xml:24:9-44
32
33    <uses-permission android:name="com.yangcy.gofish.DYNAMIC_RECEIVER_NOT_EXPORTED_PERMISSION" />
33-->[androidx.core:core:1.18.0] AndroidManifest.xml:26:5-97
33-->[androidx.core:core:1.18.0] AndroidManifest.xml:26:22-94
34    <uses-permission android:name="com.google.android.gms.permission.AD_ID" />
34-->[com.umeng.umsdk:common:9.9.2] AndroidManifest.xml:11:5-79
34-->[com.umeng.umsdk:common:9.9.2] AndroidManifest.xml:11:22-76
35    <uses-permission android:name="freemme.permission.msa" />
35-->[com.umeng.umsdk:common:9.9.2] AndroidManifest.xml:12:5-62
35-->[com.umeng.umsdk:common:9.9.2] AndroidManifest.xml:12:22-59
36
37    <application
37-->src/androidMain/AndroidManifest.xml:23:5-53:19
38        android:name="com.yangcy.gofish.GoFishApplication"
38-->src/androidMain/AndroidManifest.xml:24:9-42
39        android:allowBackup="true"
39-->src/androidMain/AndroidManifest.xml:25:9-35
40        android:appComponentFactory="androidx.core.app.CoreComponentFactory"
40-->[androidx.core:core:1.18.0] AndroidManifest.xml:28:18-86
41        android:dataExtractionRules="@xml/data_extraction_rules"
41-->src/androidMain/AndroidManifest.xml:26:9-65
42        android:debuggable="true"
43        android:extractNativeLibs="false"
43-->INJECTED
44        android:fullBackupContent="@xml/backup_rules"
44-->src/androidMain/AndroidManifest.xml:27:9-54
45        android:icon="@mipmap/ic_launcher"
45-->src/androidMain/AndroidManifest.xml:28:9-43
46        android:label="@string/app_name"
46-->src/androidMain/AndroidManifest.xml:29:9-41
47        android:roundIcon="@mipmap/ic_launcher_round"
47-->src/androidMain/AndroidManifest.xml:30:9-54
48        android:supportsRtl="true"
48-->src/androidMain/AndroidManifest.xml:31:9-35
49        android:testOnly="true"
50        android:theme="@style/Theme.MyApplication" >
50-->src/androidMain/AndroidManifest.xml:32:9-51
51
52        <!-- AMap Service -->
53        <service android:name="com.amap.api.location.APSService" />
53-->src/androidMain/AndroidManifest.xml:35:9-68
53-->src/androidMain/AndroidManifest.xml:35:18-65
54
55        <!-- AMap API Key -->
56        <meta-data
56-->INJECTED
57            android:name="com.amap.api.v2.apikey"
57-->src/androidMain/AndroidManifest.xml:39:13-50
58            android:value="4678e9f76ee24849002fa46590609744" />
58-->INJECTED
59
60        <activity
60-->src/androidMain/AndroidManifest.xml:42:9-52:20
61            android:name="com.yangcy.gofish.MainActivity"
61-->src/androidMain/AndroidManifest.xml:43:13-41
62            android:exported="true"
62-->src/androidMain/AndroidManifest.xml:44:13-36
63            android:label="@string/app_name"
63-->src/androidMain/AndroidManifest.xml:45:13-45
64            android:theme="@style/Theme.MyApplication" >
64-->src/androidMain/AndroidManifest.xml:46:13-55
65            <intent-filter>
65-->src/androidMain/AndroidManifest.xml:47:13-51:29
66                <action android:name="android.intent.action.MAIN" />
66-->src/androidMain/AndroidManifest.xml:48:17-69
66-->src/androidMain/AndroidManifest.xml:48:25-66
67
68                <category android:name="android.intent.category.LAUNCHER" />
68-->src/androidMain/AndroidManifest.xml:50:17-77
68-->src/androidMain/AndroidManifest.xml:50:27-74
69            </intent-filter>
70        </activity>
71        <activity
71-->[com.google.android.gms:play-services-base:18.5.0] AndroidManifest.xml:5:9-173
72            android:name="com.google.android.gms.common.api.GoogleApiActivity"
72-->[com.google.android.gms:play-services-base:18.5.0] AndroidManifest.xml:5:19-85
73            android:exported="false"
73-->[com.google.android.gms:play-services-base:18.5.0] AndroidManifest.xml:5:146-170
74            android:theme="@android:style/Theme.Translucent.NoTitleBar" />
74-->[com.google.android.gms:play-services-base:18.5.0] AndroidManifest.xml:5:86-145
75
76        <meta-data
76-->[com.google.android.gms:play-services-basement:18.4.0] AndroidManifest.xml:6:9-122
77            android:name="com.google.android.gms.version"
77-->[com.google.android.gms:play-services-basement:18.4.0] AndroidManifest.xml:6:20-65
78            android:value="@integer/google_play_services_version" />
78-->[com.google.android.gms:play-services-basement:18.4.0] AndroidManifest.xml:6:66-119
79
80        <provider
80-->[org.jetbrains.compose.components:components-resources-android:1.7.3] AndroidManifest.xml:8:9-13:20
81            android:name="org.jetbrains.compose.resources.AndroidContextProvider"
81-->[org.jetbrains.compose.components:components-resources-android:1.7.3] AndroidManifest.xml:9:13-82
82            android:authorities="com.yangcy.gofish.resources.AndroidContextProvider"
82-->[org.jetbrains.compose.components:components-resources-android:1.7.3] AndroidManifest.xml:10:13-84
83            android:enabled="true"
83-->[org.jetbrains.compose.components:components-resources-android:1.7.3] AndroidManifest.xml:11:13-35
84            android:exported="false" >
84-->[org.jetbrains.compose.components:components-resources-android:1.7.3] AndroidManifest.xml:12:13-37
85        </provider>
86        <provider
86-->[androidx.emoji2:emoji2:1.4.0] AndroidManifest.xml:24:9-32:20
87            android:name="androidx.startup.InitializationProvider"
87-->[androidx.emoji2:emoji2:1.4.0] AndroidManifest.xml:25:13-67
88            android:authorities="com.yangcy.gofish.androidx-startup"
88-->[androidx.emoji2:emoji2:1.4.0] AndroidManifest.xml:26:13-68
89            android:exported="false" >
89-->[androidx.emoji2:emoji2:1.4.0] AndroidManifest.xml:27:13-37
90            <meta-data
90-->[androidx.emoji2:emoji2:1.4.0] AndroidManifest.xml:29:13-31:52
91                android:name="androidx.emoji2.text.EmojiCompatInitializer"
91-->[androidx.emoji2:emoji2:1.4.0] AndroidManifest.xml:30:17-75
92                android:value="androidx.startup" />
92-->[androidx.emoji2:emoji2:1.4.0] AndroidManifest.xml:31:17-49
93            <meta-data
93-->[androidx.lifecycle:lifecycle-process:2.9.4] AndroidManifest.xml:29:13-31:52
94                android:name="androidx.lifecycle.ProcessLifecycleInitializer"
94-->[androidx.lifecycle:lifecycle-process:2.9.4] AndroidManifest.xml:30:17-78
95                android:value="androidx.startup" />
95-->[androidx.lifecycle:lifecycle-process:2.9.4] AndroidManifest.xml:31:17-49
96            <meta-data
96-->[androidx.profileinstaller:profileinstaller:1.4.1] AndroidManifest.xml:29:13-31:52
97                android:name="androidx.profileinstaller.ProfileInstallerInitializer"
97-->[androidx.profileinstaller:profileinstaller:1.4.1] AndroidManifest.xml:30:17-85
98                android:value="androidx.startup" />
98-->[androidx.profileinstaller:profileinstaller:1.4.1] AndroidManifest.xml:31:17-49
99        </provider>
100
101        <service
101-->[androidx.room:room-runtime-android:2.7.0-alpha11] AndroidManifest.xml:24:9-28:63
102            android:name="androidx.room.MultiInstanceInvalidationService"
102-->[androidx.room:room-runtime-android:2.7.0-alpha11] AndroidManifest.xml:25:13-74
103            android:directBootAware="true"
103-->[androidx.room:room-runtime-android:2.7.0-alpha11] AndroidManifest.xml:26:13-43
104            android:exported="false" />
104-->[androidx.room:room-runtime-android:2.7.0-alpha11] AndroidManifest.xml:27:13-37
105        <service
105-->[com.umeng.umsdk:apm:2.0.8] AndroidManifest.xml:10:9-14:41
106            android:name="com.efs.sdk.memleaksdk.monitor.UMonitorService"
106-->[com.umeng.umsdk:apm:2.0.8] AndroidManifest.xml:11:13-74
107            android:enabled="true"
107-->[com.umeng.umsdk:apm:2.0.8] AndroidManifest.xml:12:13-35
108            android:exported="false"
108-->[com.umeng.umsdk:apm:2.0.8] AndroidManifest.xml:13:13-37
109            android:process=":u_heap" />
109-->[com.umeng.umsdk:apm:2.0.8] AndroidManifest.xml:14:13-38
110
111        <receiver
111-->[androidx.profileinstaller:profileinstaller:1.4.1] AndroidManifest.xml:34:9-52:20
112            android:name="androidx.profileinstaller.ProfileInstallReceiver"
112-->[androidx.profileinstaller:profileinstaller:1.4.1] AndroidManifest.xml:35:13-76
113            android:directBootAware="false"
113-->[androidx.profileinstaller:profileinstaller:1.4.1] AndroidManifest.xml:36:13-44
114            android:enabled="true"
114-->[androidx.profileinstaller:profileinstaller:1.4.1] AndroidManifest.xml:37:13-35
115            android:exported="true"
115-->[androidx.profileinstaller:profileinstaller:1.4.1] AndroidManifest.xml:38:13-36
116            android:permission="android.permission.DUMP" >
116-->[androidx.profileinstaller:profileinstaller:1.4.1] AndroidManifest.xml:39:13-57
117            <intent-filter>
117-->[androidx.profileinstaller:profileinstaller:1.4.1] AndroidManifest.xml:40:13-42:29
118                <action android:name="androidx.profileinstaller.action.INSTALL_PROFILE" />
118-->[androidx.profileinstaller:profileinstaller:1.4.1] AndroidManifest.xml:41:17-91
118-->[androidx.profileinstaller:profileinstaller:1.4.1] AndroidManifest.xml:41:25-88
119            </intent-filter>
120            <intent-filter>
120-->[androidx.profileinstaller:profileinstaller:1.4.1] AndroidManifest.xml:43:13-45:29
121                <action android:name="androidx.profileinstaller.action.SKIP_FILE" />
121-->[androidx.profileinstaller:profileinstaller:1.4.1] AndroidManifest.xml:44:17-85
121-->[androidx.profileinstaller:profileinstaller:1.4.1] AndroidManifest.xml:44:25-82
122            </intent-filter>
123            <intent-filter>
123-->[androidx.profileinstaller:profileinstaller:1.4.1] AndroidManifest.xml:46:13-48:29
124                <action android:name="androidx.profileinstaller.action.SAVE_PROFILE" />
124-->[androidx.profileinstaller:profileinstaller:1.4.1] AndroidManifest.xml:47:17-88
124-->[androidx.profileinstaller:profileinstaller:1.4.1] AndroidManifest.xml:47:25-85
125            </intent-filter>
126            <intent-filter>
126-->[androidx.profileinstaller:profileinstaller:1.4.1] AndroidManifest.xml:49:13-51:29
127                <action android:name="androidx.profileinstaller.action.BENCHMARK_OPERATION" />
127-->[androidx.profileinstaller:profileinstaller:1.4.1] AndroidManifest.xml:50:17-95
127-->[androidx.profileinstaller:profileinstaller:1.4.1] AndroidManifest.xml:50:25-92
128            </intent-filter>
129        </receiver>
130    </application>
131
132</manifest>